Running Task 1
wandb: Currently logged in as: tianqi_chen (use `wandb login --relogin` to force relogin)
Running with: Quinfig
-------
config: conf/cust_models/4Aug_lstm_20dim_20layer_256_lr1e-4_dropout0.1_positionalEmbedding.yaml
model:
  family: lstm
  n_dims: 20
  n_embd: 256
  n_head: 8
  n_layer: 20
  n_positions: 101
out_dir: ../models/linear_regression
test_run: false
training:
  batch_size: 64
  curriculum:
    dims:
      end: 20
      inc: 1
      interval: 2000
      start: 20
    points:
      end: 101
      inc: 2
      interval: 2000
      start: 101
  data: gaussian
  keep_every_steps: 100000
  learning_rate: 0.0001
  num_tasks: null
  num_training_examples: null
  resume_id: 4Aug_lstm_20dim_20layer_256_lr1e-4_dropout0.1_positionalEmbedding
  save_every_steps: 1000
  task: linear_regression
  task_kwargs: {}
  train_steps: 500001
wandb:
  entity: tianqi_chen
  log_every_steps: 1000
  name: 4Aug_lstm_20dim_20layer_256_lr1e-4_dropout0.1_positionalEmbedding
  notes: ''
  project: in-context-training

wandb: wandb version 0.15.8 is available!  To upgrade, please run:
wandb:  $ pip install wandb --upgrade
wandb: Tracking run with wandb version 0.12.11
wandb: Run data is saved locally in ../models/linear_regression/4Aug_lstm_20dim_20layer_256_lr1e-4_dropout0.1_positionalEmbedding/wandb/run-20230804_173549-2onva8vu
wandb: Run `wandb offline` to turn off syncing.
wandb: Syncing run 4Aug_lstm_20dim_20layer_256_lr1e-4_dropout0.1_positionalEmbedding
wandb: ⭐️ View project at https://wandb.ai/tianqi_chen/in-context-training
wandb: 🚀 View run at https://wandb.ai/tianqi_chen/in-context-training/runs/2onva8vu
self.wpe: Embedding(101, 256)
  0% 0/500001 [00:00<?, ?it/s]/var/spool/slurm/d/job118754/slurm_script: line 20: 549203 Aborted                 (core dumped) python train.py --config conf/cust_models/4Aug_lstm_20dim_20layer_256_lr1e-4_dropout0.1_positionalEmbedding.yaml
